# JRE version: OpenJDK Runtime Environment (8.0_242-b01) (build 1.8.0_242-release-1644-b01)
# Java VM: OpenJDK 64-Bit Server VM (25.242-b01 mixed mode windows-amd64 compressed oops)
Heap:
 PSYoungGen      total 422400K, used 170894K [0x00000000d5580000, 0x00000000f1b80000, 0x0000000100000000)
  eden space 379904K, 44% used [0x00000000d5580000,0x00000000dfc63a68,0x00000000ec880000)
  from space 42496K, 0% used [0x00000000ec880000,0x00000000ec880000,0x00000000ef200000)
  to   space 41472K, 0% used [0x00000000ef300000,0x00000000ef300000,0x00000000f1b80000)
 ParOldGen       total 166912K, used 166899K [0x0000000080000000, 0x000000008a300000, 0x00000000d5580000)
  object space 166912K, 99% used [0x0000000080000000,0x000000008a2fced0,0x000000008a300000)
 Metaspace       used 94753K, capacity 99404K, committed 99736K, reserved 1136640K
  class space    used 12496K, capacity 13366K, committed 13472K, reserved 1048576K
GC Heap History (10 events):
Event: 39.431 GC heap before
{Heap before GC invocations=22 (full 3):
 PSYoungGen      total 371712K, used 362835K [0x00000000d5580000, 0x00000000ef280000, 0x0000000100000000)
  eden space 333824K, 100% used [0x00000000d5580000,0x00000000e9b80000,0x00000000e9b80000)
  from space 37888K, 76% used [0x00000000ec300000,0x00000000edf54ef0,0x00000000ee800000)
  to   space 40448K, 0% used [0x00000000e9b80000,0x00000000e9b80000,0x00000000ec300000)
 ParOldGen       total 120320K, used 76662K [0x0000000080000000, 0x0000000087580000, 0x00000000d5580000)
  object space 120320K, 63% used [0x0000000080000000,0x0000000084addbb0,0x0000000087580000)
 Metaspace       used 88996K, capacity 93592K, committed 93720K, reserved 1130496K
  class space    used 11903K, capacity 12778K, committed 12832K, reserved 1048576K
Event: 39.499 GC heap after
Heap after GC invocations=22 (full 3):
 PSYoungGen      total 374272K, used 28663K [0x00000000d5580000, 0x00000000f1c80000, 0x0000000100000000)
  eden space 333824K, 0% used [0x00000000d5580000,0x00000000d5580000,0x00000000e9b80000)
  from space 40448K, 70% used [0x00000000e9b80000,0x00000000eb77df00,0x00000000ec300000)
  to   space 42496K, 0% used [0x00000000ef300000,0x00000000ef300000,0x00000000f1c80000)
 ParOldGen       total 120320K, used 76670K [0x0000000080000000, 0x0000000087580000, 0x00000000d5580000)
  object space 120320K, 63% used [0x0000000080000000,0x0000000084adfbb0,0x0000000087580000)
 Metaspace       used 88996K, capacity 93592K, committed 93720K, reserved 1130496K
  class space    used 11903K, capacity 12778K, committed 12832K, reserved 1048576K
}
Event: 42.971 GC heap before
{Heap before GC invocations=23 (full 3):
 PSYoungGen      total 374272K, used 361770K [0x00000000d5580000, 0x00000000f1c80000, 0x0000000100000000)
  eden space 333824K, 99% used [0x00000000d5580000,0x00000000e9accc58,0x00000000e9b80000)
  from space 40448K, 70% used [0x00000000e9b80000,0x00000000eb77df00,0x00000000ec300000)
  to   space 42496K, 0% used [0x00000000ef300000,0x00000000ef300000,0x00000000f1c80000)
 ParOldGen       total 120320K, used 76670K [0x0000000080000000, 0x0000000087580000, 0x00000000d5580000)
  object space 120320K, 63% used [0x0000000080000000,0x0000000084adfbb0,0x0000000087580000)
 Metaspace       used 89332K, capacity 93988K, committed 94232K, reserved 1130496K
  class space    used 11928K, capacity 12792K, committed 12832K, reserved 1048576K
Event: 43.032 GC heap after
Heap after GC invocations=23 (full 3):
 PSYoungGen      total 421376K, used 23494K [0x00000000d5580000, 0x00000000f1b80000, 0x0000000100000000)
  eden space 379904K, 0% used [0x00000000d5580000,0x00000000d5580000,0x00000000ec880000)
  from space 41472K, 56% used [0x00000000ef300000,0x00000000f09f1a70,0x00000000f1b80000)
  to   space 42496K, 0% used [0x00000000ec880000,0x00000000ec880000,0x00000000ef200000)
 ParOldGen       total 120320K, used 76678K [0x0000000080000000, 0x0000000087580000, 0x00000000d5580000)
  object space 120320K, 63% used [0x0000000080000000,0x0000000084ae1bb0,0x0000000087580000)
 Metaspace       used 89332K, capacity 93988K, committed 94232K, reserved 1130496K
  class space    used 11928K, capacity 12792K, committed 12832K, reserved 1048576K
}
Event: 48.457 GC heap before
{Heap before GC invocations=24 (full 3):
 PSYoungGen      total 421376K, used 403398K [0x00000000d5580000, 0x00000000f1b80000, 0x0000000100000000)
  eden space 379904K, 100% used [0x00000000d5580000,0x00000000ec880000,0x00000000ec880000)
  from space 41472K, 56% used [0x00000000ef300000,0x00000000f09f1a70,0x00000000f1b80000)
  to   space 42496K, 0% used [0x00000000ec880000,0x00000000ec880000,0x00000000ef200000)
 ParOldGen       total 120320K, used 76678K [0x0000000080000000, 0x0000000087580000, 0x00000000d5580000)
  object space 120320K, 63% used [0x0000000080000000,0x0000000084ae1bb0,0x0000000087580000)
 Metaspace       used 90382K, capacity 95196K, committed 95384K, reserved 1132544K
  class space    used 11998K, capacity 12858K, committed 12960K, reserved 1048576K
Event: 48.873 GC heap after
Heap after GC invocations=24 (full 3):
 PSYoungGen      total 422400K, used 42489K [0x00000000d5580000, 0x00000000f1b80000, 0x0000000100000000)
  eden space 379904K, 0% used [0x00000000d5580000,0x00000000d5580000,0x00000000ec880000)
  from space 42496K, 99% used [0x00000000ec880000,0x00000000ef1fe530,0x00000000ef200000)
  to   space 41472K, 0% used [0x00000000ef300000,0x00000000ef300000,0x00000000f1b80000)
 ParOldGen       total 166912K, used 166816K [0x0000000080000000, 0x000000008a300000, 0x00000000d5580000)
  object space 166912K, 99% used [0x0000000080000000,0x000000008a2e8170,0x000000008a300000)
 Metaspace       used 90382K, capacity 95196K, committed 95384K, reserved 1132544K
  class space    used 11998K, capacity 12858K, committed 12960K, reserved 1048576K
}
Event: 48.873 GC heap before
{Heap before GC invocations=25 (full 4):
 PSYoungGen      total 422400K, used 42489K [0x00000000d5580000, 0x00000000f1b80000, 0x0000000100000000)
  eden space 379904K, 0% used [0x00000000d5580000,0x00000000d5580000,0x00000000ec880000)
  from space 42496K, 99% used [0x00000000ec880000,0x00000000ef1fe530,0x00000000ef200000)
  to   space 41472K, 0% used [0x00000000ef300000,0x00000000ef300000,0x00000000f1b80000)
 ParOldGen       total 166912K, used 166816K [0x0000000080000000, 0x000000008a300000, 0x00000000d5580000)
  object space 166912K, 99% used [0x0000000080000000,0x000000008a2e8170,0x000000008a300000)
 Metaspace       used 90382K, capacity 95196K, committed 95384K, reserved 1132544K
  class space    used 11998K, capacity 12858K, committed 12960K, reserved 1048576K
Event: 50.676 GC heap after
Heap after GC invocations=25 (full 4):
 PSYoungGen      total 422400K, used 13625K [0x00000000d5580000, 0x00000000f1b80000, 0x0000000100000000)
  eden space 379904K, 0% used [0x00000000d5580000,0x00000000d5580000,0x00000000ec880000)
  from space 42496K, 32% used [0x00000000ec880000,0x00000000ed5ce788,0x00000000ef200000)
  to   space 41472K, 0% used [0x00000000ef300000,0x00000000ef300000,0x00000000f1b80000)
 ParOldGen       total 166912K, used 166584K [0x0000000080000000, 0x000000008a300000, 0x00000000d5580000)
  object space 166912K, 99% used [0x0000000080000000,0x000000008a2ae0f8,0x000000008a300000)
 Metaspace       used 90183K, capacity 94710K, committed 95384K, reserved 1132544K
  class space    used 11928K, capacity 12733K, committed 12960K, reserved 1048576K
}
Event: 54.160 GC heap before
{Heap before GC invocations=26 (full 5):
 PSYoungGen      total 422400K, used 393529K [0x00000000d5580000, 0x00000000f1b80000, 0x0000000100000000)
  eden space 379904K, 100% used [0x00000000d5580000,0x00000000ec880000,0x00000000ec880000)
  from space 42496K, 32% used [0x00000000ec880000,0x00000000ed5ce788,0x00000000ef200000)
  to   space 41472K, 0% used [0x00000000ef300000,0x00000000ef300000,0x00000000f1b80000)
 ParOldGen       total 166912K, used 166584K [0x0000000080000000, 0x000000008a300000, 0x00000000d5580000)
  object space 166912K, 99% used [0x0000000080000000,0x000000008a2ae0f8,0x000000008a300000)
 Metaspace       used 93049K, capacity 97580K, committed 98200K, reserved 1134592K
  class space    used 12266K, capacity 13098K, committed 13216K, reserved 1048576K
Event: 55.339 GC heap after
Heap after GC invocations=26 (full 5):
 PSYoungGen      total 422400K, used 32454K [0x00000000d5580000, 0x00000000f1b80000, 0x0000000100000000)
  eden space 379904K, 8% used [0x00000000d5580000,0x00000000d7531920,0x00000000ec880000)
  from space 42496K, 0% used [0x00000000ec880000,0x00000000ec880000,0x00000000ef200000)
  to   space 41472K, 0% used [0x00000000ef300000,0x00000000ef300000,0x00000000f1b80000)
 ParOldGen       total 166912K, used 166899K [0x0000000080000000, 0x000000008a300000, 0x00000000d5580000)
  object space 166912K, 99% used [0x0000000080000000,0x000000008a2fced0,0x000000008a300000)
 Metaspace       used 93049K, capacity 97580K, committed 98200K, reserved 1134592K
  class space    used 12266K, capacity 13098K, committed 13216K, reserved 1048576K
}

