# JRE version: OpenJDK Runtime Environment (8.0_242-b01) (build 1.8.0_242-release-1644-b01)
# Java VM: OpenJDK 64-Bit Server VM (25.242-b01 mixed mode windows-amd64 compressed oops)
Heap:
 PSYoungGen      total 309760K, used 216974K [0x00000000d5580000, 0x00000000efd00000, 0x0000000100000000)
  eden space 238080K, 91% used [0x00000000d5580000,0x00000000e2963aa8,0x00000000e3e00000)
  from space 71680K, 0% used [0x00000000e3e00000,0x00000000e3e00000,0x00000000e8400000)
  to   space 76288K, 0% used [0x00000000eb280000,0x00000000eb280000,0x00000000efd00000)
 ParOldGen       total 371200K, used 206985K [0x0000000080000000, 0x0000000096a80000, 0x00000000d5580000)
  object space 371200K, 55% used [0x0000000080000000,0x000000008ca226c8,0x0000000096a80000)
 Metaspace       used 89833K, capacity 93700K, committed 95256K, reserved 1132544K
  class space    used 11961K, capacity 12688K, committed 12832K, reserved 1048576K
GC Heap History (10 events):
Event: 35.294 GC heap before
{Heap before GC invocations=22 (full 3):
 PSYoungGen      total 250880K, used 245943K [0x00000000d5580000, 0x00000000e6780000, 0x0000000100000000)
  eden space 225280K, 100% used [0x00000000d5580000,0x00000000e3180000,0x00000000e3180000)
  from space 25600K, 80% used [0x00000000e4c80000,0x00000000e60adc70,0x00000000e6580000)
  to   space 27648K, 0% used [0x00000000e3180000,0x00000000e3180000,0x00000000e4c80000)
 ParOldGen       total 113664K, used 60200K [0x0000000080000000, 0x0000000086f00000, 0x00000000d5580000)
  object space 113664K, 52% used [0x0000000080000000,0x0000000083aca160,0x0000000086f00000)
 Metaspace       used 82867K, capacity 86416K, committed 86552K, reserved 1124352K
  class space    used 11007K, capacity 11716K, committed 11808K, reserved 1048576K
Event: 35.391 GC heap after
Heap after GC invocations=22 (full 3):
 PSYoungGen      total 252928K, used 27623K [0x00000000d5580000, 0x00000000eb300000, 0x0000000100000000)
  eden space 225280K, 0% used [0x00000000d5580000,0x00000000d5580000,0x00000000e3180000)
  from space 27648K, 99% used [0x00000000e3180000,0x00000000e4c79c00,0x00000000e4c80000)
  to   space 48128K, 0% used [0x00000000e8400000,0x00000000e8400000,0x00000000eb300000)
 ParOldGen       total 113664K, used 103127K [0x0000000080000000, 0x0000000086f00000, 0x00000000d5580000)
  object space 113664K, 90% used [0x0000000080000000,0x00000000864b5ea8,0x0000000086f00000)
 Metaspace       used 82867K, capacity 86416K, committed 86552K, reserved 1124352K
  class space    used 11007K, capacity 11716K, committed 11808K, reserved 1048576K
}
Event: 35.391 GC heap before
{Heap before GC invocations=23 (full 4):
 PSYoungGen      total 252928K, used 27623K [0x00000000d5580000, 0x00000000eb300000, 0x0000000100000000)
  eden space 225280K, 0% used [0x00000000d5580000,0x00000000d5580000,0x00000000e3180000)
  from space 27648K, 99% used [0x00000000e3180000,0x00000000e4c79c00,0x00000000e4c80000)
  to   space 48128K, 0% used [0x00000000e8400000,0x00000000e8400000,0x00000000eb300000)
 ParOldGen       total 113664K, used 103127K [0x0000000080000000, 0x0000000086f00000, 0x00000000d5580000)
  object space 113664K, 90% used [0x0000000080000000,0x00000000864b5ea8,0x0000000086f00000)
 Metaspace       used 82867K, capacity 86416K, committed 86552K, reserved 1124352K
  class space    used 11007K, capacity 11716K, committed 11808K, reserved 1048576K
Event: 36.017 GC heap after
Heap after GC invocations=23 (full 4):
 PSYoungGen      total 252928K, used 6075K [0x00000000d5580000, 0x00000000eb300000, 0x0000000100000000)
  eden space 225280K, 0% used [0x00000000d5580000,0x00000000d5580000,0x00000000e3180000)
  from space 27648K, 21% used [0x00000000e3180000,0x00000000e376eca8,0x00000000e4c80000)
  to   space 48128K, 0% used [0x00000000e8400000,0x00000000e8400000,0x00000000eb300000)
 ParOldGen       total 231424K, used 113165K [0x0000000080000000, 0x000000008e200000, 0x00000000d5580000)
  object space 231424K, 48% used [0x0000000080000000,0x0000000086e83418,0x000000008e200000)
 Metaspace       used 82812K, capacity 86276K, committed 86552K, reserved 1124352K
  class space    used 10991K, capacity 11688K, committed 11808K, reserved 1048576K
}
Event: 37.919 GC heap before
{Heap before GC invocations=24 (full 4):
 PSYoungGen      total 252928K, used 231355K [0x00000000d5580000, 0x00000000eb300000, 0x0000000100000000)
  eden space 225280K, 100% used [0x00000000d5580000,0x00000000e3180000,0x00000000e3180000)
  from space 27648K, 21% used [0x00000000e3180000,0x00000000e376eca8,0x00000000e4c80000)
  to   space 48128K, 0% used [0x00000000e8400000,0x00000000e8400000,0x00000000eb300000)
 ParOldGen       total 231424K, used 113165K [0x0000000080000000, 0x000000008e200000, 0x00000000d5580000)
  object space 231424K, 48% used [0x0000000080000000,0x0000000086e83418,0x000000008e200000)
 Metaspace       used 87379K, capacity 90910K, committed 91160K, reserved 1128448K
  class space    used 11490K, capacity 12205K, committed 12320K, reserved 1048576K
Event: 38.076 GC heap after
Heap after GC invocations=24 (full 4):
 PSYoungGen      total 286208K, used 48103K [0x00000000d5580000, 0x00000000ee580000, 0x0000000100000000)
  eden space 238080K, 0% used [0x00000000d5580000,0x00000000d5580000,0x00000000e3e00000)
  from space 48128K, 99% used [0x00000000e8400000,0x00000000eb2f9f70,0x00000000eb300000)
  to   space 71680K, 0% used [0x00000000e3e00000,0x00000000e3e00000,0x00000000e8400000)
 ParOldGen       total 231424K, used 154973K [0x0000000080000000, 0x000000008e200000, 0x00000000d5580000)
  object space 231424K, 66% used [0x0000000080000000,0x0000000089757570,0x000000008e200000)
 Metaspace       used 87379K, capacity 90910K, committed 91160K, reserved 1128448K
  class space    used 11490K, capacity 12205K, committed 12320K, reserved 1048576K
}
Event: 41.888 GC heap before
{Heap before GC invocations=25 (full 4):
 PSYoungGen      total 286208K, used 286183K [0x00000000d5580000, 0x00000000ee580000, 0x0000000100000000)
  eden space 238080K, 100% used [0x00000000d5580000,0x00000000e3e00000,0x00000000e3e00000)
  from space 48128K, 99% used [0x00000000e8400000,0x00000000eb2f9f70,0x00000000eb300000)
  to   space 71680K, 0% used [0x00000000e3e00000,0x00000000e3e00000,0x00000000e8400000)
 ParOldGen       total 231424K, used 154973K [0x0000000080000000, 0x000000008e200000, 0x00000000d5580000)
  object space 231424K, 66% used [0x0000000080000000,0x0000000089757570,0x000000008e200000)
 Metaspace       used 90782K, capacity 94584K, committed 94872K, reserved 1132544K
  class space    used 11920K, capacity 12666K, committed 12704K, reserved 1048576K
Event: 42.026 GC heap after
Heap after GC invocations=25 (full 4):
 PSYoungGen      total 309760K, used 49503K [0x00000000d5580000, 0x00000000efd00000, 0x0000000100000000)
  eden space 238080K, 0% used [0x00000000d5580000,0x00000000d5580000,0x00000000e3e00000)
  from space 71680K, 69% used [0x00000000e3e00000,0x00000000e6e57f48,0x00000000e8400000)
  to   space 76288K, 0% used [0x00000000eb280000,0x00000000eb280000,0x00000000efd00000)
 ParOldGen       total 231424K, used 202671K [0x0000000080000000, 0x000000008e200000, 0x00000000d5580000)
  object space 231424K, 87% used [0x0000000080000000,0x000000008c5ebcc8,0x000000008e200000)
 Metaspace       used 90782K, capacity 94584K, committed 94872K, reserved 1132544K
  class space    used 11920K, capacity 12666K, committed 12704K, reserved 1048576K
}
Event: 42.026 GC heap before
{Heap before GC invocations=26 (full 5):
 PSYoungGen      total 309760K, used 49503K [0x00000000d5580000, 0x00000000efd00000, 0x0000000100000000)
  eden space 238080K, 0% used [0x00000000d5580000,0x00000000d5580000,0x00000000e3e00000)
  from space 71680K, 69% used [0x00000000e3e00000,0x00000000e6e57f48,0x00000000e8400000)
  to   space 76288K, 0% used [0x00000000eb280000,0x00000000eb280000,0x00000000efd00000)
 ParOldGen       total 231424K, used 202671K [0x0000000080000000, 0x000000008e200000, 0x00000000d5580000)
  object space 231424K, 87% used [0x0000000080000000,0x000000008c5ebcc8,0x000000008e200000)
 Metaspace       used 90782K, capacity 94584K, committed 94872K, reserved 1132544K
  class space    used 11920K, capacity 12666K, committed 12704K, reserved 1048576K
Event: 43.112 GC heap after
Heap after GC invocations=26 (full 5):
 PSYoungGen      total 309760K, used 0K [0x00000000d5580000, 0x00000000efd00000, 0x0000000100000000)
  eden space 238080K, 0% used [0x00000000d5580000,0x00000000d5580000,0x00000000e3e00000)
  from space 71680K, 0% used [0x00000000e3e00000,0x00000000e3e00000,0x00000000e8400000)
  to   space 76288K, 0% used [0x00000000eb280000,0x00000000eb280000,0x00000000efd00000)
 ParOldGen       total 371200K, used 206985K [0x0000000080000000, 0x0000000096a80000, 0x00000000d5580000)
  object space 371200K, 55% used [0x0000000080000000,0x000000008ca226c8,0x0000000096a80000)
 Metaspace       used 88527K, capacity 92230K, committed 94872K, reserved 1132544K
  class space    used 11767K, capacity 12483K, committed 12704K, reserved 1048576K
}

