# JRE version: OpenJDK Runtime Environment (8.0_242-b01) (build 1.8.0_242-release-1644-b01)
# Java VM: OpenJDK 64-Bit Server VM (25.242-b01 mixed mode windows-amd64 compressed oops)
Heap:
 PSYoungGen      total 584192K, used 543664K [0x00000000d5580000, 0x0000000100000000, 0x0000000100000000)
  eden space 481792K, 97% used [0x00000000d5580000,0x00000000f1fef168,0x00000000f2c00000)
  from space 102400K, 72% used [0x00000000f9680000,0x00000000fdefd280,0x00000000ffa80000)
  to   space 108544K, 0% used [0x00000000f2c00000,0x00000000f2c00000,0x00000000f9600000)
 ParOldGen       total 306688K, used 115774K [0x0000000080000000, 0x0000000092b80000, 0x00000000d5580000)
  object space 306688K, 37% used [0x0000000080000000,0x000000008710f8e0,0x0000000092b80000)
 Metaspace       used 169976K, capacity 182230K, committed 182604K, reserved 1208320K
  class space    used 22196K, capacity 24517K, committed 24704K, reserved 1048576K
GC Heap History (10 events):
Event: 2174.548 GC heap before
{Heap before GC invocations=35 (full 5):
 PSYoungGen      total 561664K, used 93182K [0x00000000d5580000, 0x0000000100000000, 0x0000000100000000)
  eden space 468480K, 0% used [0x00000000d5580000,0x00000000d5580000,0x00000000f1f00000)
  from space 93184K, 99% used [0x00000000fa500000,0x00000000fffffae0,0x0000000100000000)
  to   space 115200K, 0% used [0x00000000f1f00000,0x00000000f1f00000,0x00000000f8f80000)
 ParOldGen       total 209408K, used 169009K [0x0000000080000000, 0x000000008cc80000, 0x00000000d5580000)
  object space 209408K, 80% used [0x0000000080000000,0x000000008a50c6f0,0x000000008cc80000)
 Metaspace       used 153626K, capacity 163804K, committed 163916K, reserved 1191936K
  class space    used 20121K, capacity 22341K, committed 22400K, reserved 1048576K
Event: 2175.059 GC heap after
Heap after GC invocations=35 (full 5):
 PSYoungGen      total 561664K, used 0K [0x00000000d5580000, 0x0000000100000000, 0x0000000100000000)
  eden space 468480K, 0% used [0x00000000d5580000,0x00000000d5580000,0x00000000f1f00000)
  from space 93184K, 0% used [0x00000000fa500000,0x00000000fa500000,0x0000000100000000)
  to   space 115200K, 0% used [0x00000000f1f00000,0x00000000f1f00000,0x00000000f8f80000)
 ParOldGen       total 306688K, used 115742K [0x0000000080000000, 0x0000000092b80000, 0x00000000d5580000)
  object space 306688K, 37% used [0x0000000080000000,0x00000000871078e0,0x0000000092b80000)
 Metaspace       used 152793K, capacity 161798K, committed 163916K, reserved 1191936K
  class space    used 19899K, capacity 21712K, committed 22400K, reserved 1048576K
}
Event: 2176.641 GC heap before
{Heap before GC invocations=36 (full 5):
 PSYoungGen      total 561664K, used 468480K [0x00000000d5580000, 0x0000000100000000, 0x0000000100000000)
  eden space 468480K, 100% used [0x00000000d5580000,0x00000000f1f00000,0x00000000f1f00000)
  from space 93184K, 0% used [0x00000000fa500000,0x00000000fa500000,0x0000000100000000)
  to   space 115200K, 0% used [0x00000000f1f00000,0x00000000f1f00000,0x00000000f8f80000)
 ParOldGen       total 306688K, used 115742K [0x0000000080000000, 0x0000000092b80000, 0x00000000d5580000)
  object space 306688K, 37% used [0x0000000080000000,0x00000000871078e0,0x0000000092b80000)
 Metaspace       used 152802K, capacity 161868K, committed 163916K, reserved 1191936K
  class space    used 19900K, capacity 21713K, committed 22400K, reserved 1048576K
Event: 2176.654 GC heap after
Heap after GC invocations=36 (full 5):
 PSYoungGen      total 583680K, used 7185K [0x00000000d5580000, 0x0000000100000000, 0x0000000100000000)
  eden space 468480K, 0% used [0x00000000d5580000,0x00000000d5580000,0x00000000f1f00000)
  from space 115200K, 6% used [0x00000000f1f00000,0x00000000f2604588,0x00000000f8f80000)
  to   space 114688K, 0% used [0x00000000f9000000,0x00000000f9000000,0x0000000100000000)
 ParOldGen       total 306688K, used 115742K [0x0000000080000000, 0x0000000092b80000, 0x00000000d5580000)
  object space 306688K, 37% used [0x0000000080000000,0x00000000871078e0,0x0000000092b80000)
 Metaspace       used 152802K, capacity 161868K, committed 163916K, reserved 1191936K
  class space    used 19900K, capacity 21713K, committed 22400K, reserved 1048576K
}
Event: 2381.594 GC heap before
{Heap before GC invocations=37 (full 5):
 PSYoungGen      total 583680K, used 475665K [0x00000000d5580000, 0x0000000100000000, 0x0000000100000000)
  eden space 468480K, 100% used [0x00000000d5580000,0x00000000f1f00000,0x00000000f1f00000)
  from space 115200K, 6% used [0x00000000f1f00000,0x00000000f2604588,0x00000000f8f80000)
  to   space 114688K, 0% used [0x00000000f9000000,0x00000000f9000000,0x0000000100000000)
 ParOldGen       total 306688K, used 115742K [0x0000000080000000, 0x0000000092b80000, 0x00000000d5580000)
  object space 306688K, 37% used [0x0000000080000000,0x00000000871078e0,0x0000000092b80000)
 Metaspace       used 157058K, capacity 167948K, committed 168268K, reserved 1193984K
  class space    used 20551K, capacity 22708K, committed 22912K, reserved 1048576K
Event: 2381.713 GC heap after
Heap after GC invocations=37 (full 5):
 PSYoungGen      total 570880K, used 36322K [0x00000000d5580000, 0x00000000ff380000, 0x0000000100000000)
  eden space 468992K, 0% used [0x00000000d5580000,0x00000000d5580000,0x00000000f1f80000)
  from space 101888K, 35% used [0x00000000f9000000,0x00000000fb3788c0,0x00000000ff380000)
  to   space 108544K, 0% used [0x00000000f1f80000,0x00000000f1f80000,0x00000000f8980000)
 ParOldGen       total 306688K, used 115750K [0x0000000080000000, 0x0000000092b80000, 0x00000000d5580000)
  object space 306688K, 37% used [0x0000000080000000,0x00000000871098e0,0x0000000092b80000)
 Metaspace       used 157058K, capacity 167948K, committed 168268K, reserved 1193984K
  class space    used 20551K, capacity 22708K, committed 22912K, reserved 1048576K
}
Event: 2395.490 GC heap before
{Heap before GC invocations=38 (full 5):
 PSYoungGen      total 570880K, used 505314K [0x00000000d5580000, 0x00000000ff380000, 0x0000000100000000)
  eden space 468992K, 100% used [0x00000000d5580000,0x00000000f1f80000,0x00000000f1f80000)
  from space 101888K, 35% used [0x00000000f9000000,0x00000000fb3788c0,0x00000000ff380000)
  to   space 108544K, 0% used [0x00000000f1f80000,0x00000000f1f80000,0x00000000f8980000)
 ParOldGen       total 306688K, used 115750K [0x0000000080000000, 0x0000000092b80000, 0x00000000d5580000)
  object space 306688K, 37% used [0x0000000080000000,0x00000000871098e0,0x0000000092b80000)
 Metaspace       used 160346K, capacity 171348K, committed 171724K, reserved 1198080K
  class space    used 20910K, capacity 23084K, committed 23296K, reserved 1048576K
Event: 2395.569 GC heap after
Heap after GC invocations=38 (full 5):
 PSYoungGen      total 577536K, used 43315K [0x00000000d5580000, 0x00000000ffa80000, 0x0000000100000000)
  eden space 468992K, 0% used [0x00000000d5580000,0x00000000d5580000,0x00000000f1f80000)
  from space 108544K, 39% used [0x00000000f1f80000,0x00000000f49ccfd8,0x00000000f8980000)
  to   space 102400K, 0% used [0x00000000f9680000,0x00000000f9680000,0x00000000ffa80000)
 ParOldGen       total 306688K, used 115758K [0x0000000080000000, 0x0000000092b80000, 0x00000000d5580000)
  object space 306688K, 37% used [0x0000000080000000,0x000000008710b8e0,0x0000000092b80000)
 Metaspace       used 160346K, capacity 171348K, committed 171724K, reserved 1198080K
  class space    used 20910K, capacity 23084K, committed 23296K, reserved 1048576K
}
Event: 2406.302 GC heap before
{Heap before GC invocations=39 (full 5):
 PSYoungGen      total 577536K, used 512307K [0x00000000d5580000, 0x00000000ffa80000, 0x0000000100000000)
  eden space 468992K, 100% used [0x00000000d5580000,0x00000000f1f80000,0x00000000f1f80000)
  from space 108544K, 39% used [0x00000000f1f80000,0x00000000f49ccfd8,0x00000000f8980000)
  to   space 102400K, 0% used [0x00000000f9680000,0x00000000f9680000,0x00000000ffa80000)
 ParOldGen       total 306688K, used 115758K [0x0000000080000000, 0x0000000092b80000, 0x00000000d5580000)
  object space 306688K, 37% used [0x0000000080000000,0x000000008710b8e0,0x0000000092b80000)
 Metaspace       used 169342K, capacity 181442K, committed 181836K, reserved 1206272K
  class space    used 22150K, capacity 24463K, committed 24704K, reserved 1048576K
Event: 2406.410 GC heap after
Heap after GC invocations=39 (full 5):
 PSYoungGen      total 584192K, used 74228K [0x00000000d5580000, 0x0000000100000000, 0x0000000100000000)
  eden space 481792K, 0% used [0x00000000d5580000,0x00000000d5580000,0x00000000f2c00000)
  from space 102400K, 72% used [0x00000000f9680000,0x00000000fdefd280,0x00000000ffa80000)
  to   space 108544K, 0% used [0x00000000f2c00000,0x00000000f2c00000,0x00000000f9600000)
 ParOldGen       total 306688K, used 115774K [0x0000000080000000, 0x0000000092b80000, 0x00000000d5580000)
  object space 306688K, 37% used [0x0000000080000000,0x000000008710f8e0,0x0000000092b80000)
 Metaspace       used 169342K, capacity 181442K, committed 181836K, reserved 1206272K
  class space    used 22150K, capacity 24463K, committed 24704K, reserved 1048576K
}

