# JRE version: OpenJDK Runtime Environment (8.0_242-b01) (build 1.8.0_242-release-1644-b01)
# Java VM: OpenJDK 64-Bit Server VM (25.242-b01 mixed mode windows-amd64 compressed oops)
Heap:
 PSYoungGen      total 433664K, used 333099K [0x00000000d5580000, 0x00000000f3600000, 0x0000000100000000)
  eden space 387072K, 74% used [0x00000000d5580000,0x00000000e70a1df8,0x00000000ecf80000)
  from space 46592K, 92% used [0x00000000f0280000,0x00000000f2ca90f0,0x00000000f3000000)
  to   space 52224K, 0% used [0x00000000ecf80000,0x00000000ecf80000,0x00000000f0280000)
 ParOldGen       total 220672K, used 96614K [0x0000000080000000, 0x000000008d780000, 0x00000000d5580000)
  object space 220672K, 43% used [0x0000000080000000,0x0000000085e59808,0x000000008d780000)
 Metaspace       used 112413K, capacity 117488K, committed 117672K, reserved 1150976K
  class space    used 14285K, capacity 15273K, committed 15280K, reserved 1048576K
GC Heap History (10 events):
Event: 82.390 GC heap before
{Heap before GC invocations=20 (full 3):
 PSYoungGen      total 334336K, used 329179K [0x00000000d5580000, 0x00000000ec880000, 0x0000000100000000)
  eden space 301056K, 100% used [0x00000000d5580000,0x00000000e7b80000,0x00000000e7b80000)
  from space 33280K, 84% used [0x00000000ea800000,0x00000000ec376d40,0x00000000ec880000)
  to   space 39424K, 0% used [0x00000000e7b80000,0x00000000e7b80000,0x00000000ea200000)
 ParOldGen       total 121344K, used 87409K [0x0000000080000000, 0x0000000087680000, 0x00000000d5580000)
  object space 121344K, 72% used [0x0000000080000000,0x000000008555c640,0x0000000087680000)
 Metaspace       used 90044K, capacity 94076K, committed 94360K, reserved 1130496K
  class space    used 11890K, capacity 12654K, committed 12704K, reserved 1048576K
Event: 82.451 GC heap after
Heap after GC invocations=20 (full 3):
 PSYoungGen      total 340480K, used 39414K [0x00000000d5580000, 0x00000000efc00000, 0x0000000100000000)
  eden space 301056K, 0% used [0x00000000d5580000,0x00000000d5580000,0x00000000e7b80000)
  from space 39424K, 99% used [0x00000000e7b80000,0x00000000ea1fda00,0x00000000ea200000)
  to   space 49152K, 0% used [0x00000000ecc00000,0x00000000ecc00000,0x00000000efc00000)
 ParOldGen       total 121344K, used 96331K [0x0000000080000000, 0x0000000087680000, 0x00000000d5580000)
  object space 121344K, 79% used [0x0000000080000000,0x0000000085e12d80,0x0000000087680000)
 Metaspace       used 90044K, capacity 94076K, committed 94360K, reserved 1130496K
  class space    used 11890K, capacity 12654K, committed 12704K, reserved 1048576K
}
Event: 83.550 GC heap before
{Heap before GC invocations=21 (full 3):
 PSYoungGen      total 340480K, used 94016K [0x00000000d5580000, 0x00000000efc00000, 0x0000000100000000)
  eden space 301056K, 18% used [0x00000000d5580000,0x00000000d8ad2608,0x00000000e7b80000)
  from space 39424K, 99% used [0x00000000e7b80000,0x00000000ea1fda00,0x00000000ea200000)
  to   space 49152K, 0% used [0x00000000ecc00000,0x00000000ecc00000,0x00000000efc00000)
 ParOldGen       total 121344K, used 96331K [0x0000000080000000, 0x0000000087680000, 0x00000000d5580000)
  object space 121344K, 79% used [0x0000000080000000,0x0000000085e12d80,0x0000000087680000)
 Metaspace       used 94160K, capacity 98538K, committed 98600K, reserved 1134592K
  class space    used 12490K, capacity 13349K, committed 13360K, reserved 1048576K
Event: 83.622 GC heap after
Heap after GC invocations=21 (full 3):
 PSYoungGen      total 383488K, used 27286K [0x00000000d5580000, 0x00000000f1100000, 0x0000000100000000)
  eden space 334336K, 0% used [0x00000000d5580000,0x00000000d5580000,0x00000000e9c00000)
  from space 49152K, 55% used [0x00000000ecc00000,0x00000000ee6a5910,0x00000000efc00000)
  to   space 49152K, 0% used [0x00000000e9c00000,0x00000000e9c00000,0x00000000ecc00000)
 ParOldGen       total 121344K, used 117086K [0x0000000080000000, 0x0000000087680000, 0x00000000d5580000)
  object space 121344K, 96% used [0x0000000080000000,0x0000000087257b08,0x0000000087680000)
 Metaspace       used 94160K, capacity 98538K, committed 98600K, reserved 1134592K
  class space    used 12490K, capacity 13349K, committed 13360K, reserved 1048576K
}
Event: 83.622 GC heap before
{Heap before GC invocations=22 (full 4):
 PSYoungGen      total 383488K, used 27286K [0x00000000d5580000, 0x00000000f1100000, 0x0000000100000000)
  eden space 334336K, 0% used [0x00000000d5580000,0x00000000d5580000,0x00000000e9c00000)
  from space 49152K, 55% used [0x00000000ecc00000,0x00000000ee6a5910,0x00000000efc00000)
  to   space 49152K, 0% used [0x00000000e9c00000,0x00000000e9c00000,0x00000000ecc00000)
 ParOldGen       total 121344K, used 117086K [0x0000000080000000, 0x0000000087680000, 0x00000000d5580000)
  object space 121344K, 96% used [0x0000000080000000,0x0000000087257b08,0x0000000087680000)
 Metaspace       used 94160K, capacity 98538K, committed 98600K, reserved 1134592K
  class space    used 12490K, capacity 13349K, committed 13360K, reserved 1048576K
Event: 84.054 GC heap after
Heap after GC invocations=22 (full 4):
 PSYoungGen      total 383488K, used 0K [0x00000000d5580000, 0x00000000f1100000, 0x0000000100000000)
  eden space 334336K, 0% used [0x00000000d5580000,0x00000000d5580000,0x00000000e9c00000)
  from space 49152K, 0% used [0x00000000ecc00000,0x00000000ecc00000,0x00000000efc00000)
  to   space 49152K, 0% used [0x00000000e9c00000,0x00000000e9c00000,0x00000000ecc00000)
 ParOldGen       total 220672K, used 96590K [0x0000000080000000, 0x000000008d780000, 0x00000000d5580000)
  object space 220672K, 43% used [0x0000000080000000,0x0000000085e53808,0x000000008d780000)
 Metaspace       used 93703K, capacity 97708K, committed 98600K, reserved 1134592K
  class space    used 12397K, capacity 13183K, committed 13360K, reserved 1048576K
}
Event: 2574.493 GC heap before
{Heap before GC invocations=23 (full 4):
 PSYoungGen      total 383488K, used 334336K [0x00000000d5580000, 0x00000000f1100000, 0x0000000100000000)
  eden space 334336K, 100% used [0x00000000d5580000,0x00000000e9c00000,0x00000000e9c00000)
  from space 49152K, 0% used [0x00000000ecc00000,0x00000000ecc00000,0x00000000efc00000)
  to   space 49152K, 0% used [0x00000000e9c00000,0x00000000e9c00000,0x00000000ecc00000)
 ParOldGen       total 220672K, used 96590K [0x0000000080000000, 0x000000008d780000, 0x00000000d5580000)
  object space 220672K, 43% used [0x0000000080000000,0x0000000085e53808,0x000000008d780000)
 Metaspace       used 106910K, capacity 111858K, committed 112040K, reserved 1146880K
  class space    used 13774K, capacity 14732K, committed 14768K, reserved 1048576K
Event: 2574.623 GC heap after
Heap after GC invocations=23 (full 4):
 PSYoungGen      total 383488K, used 19694K [0x00000000d5580000, 0x00000000f3000000, 0x0000000100000000)
  eden space 334336K, 0% used [0x00000000d5580000,0x00000000d5580000,0x00000000e9c00000)
  from space 49152K, 40% used [0x00000000e9c00000,0x00000000eaf3b808,0x00000000ecc00000)
  to   space 46592K, 0% used [0x00000000f0280000,0x00000000f0280000,0x00000000f3000000)
 ParOldGen       total 220672K, used 96598K [0x0000000080000000, 0x000000008d780000, 0x00000000d5580000)
  object space 220672K, 43% used [0x0000000080000000,0x0000000085e55808,0x000000008d780000)
 Metaspace       used 106910K, capacity 111858K, committed 112040K, reserved 1146880K
  class space    used 13774K, capacity 14732K, committed 14768K, reserved 1048576K
}
Event: 2584.982 GC heap before
{Heap before GC invocations=24 (full 4):
 PSYoungGen      total 383488K, used 354030K [0x00000000d5580000, 0x00000000f3000000, 0x0000000100000000)
  eden space 334336K, 100% used [0x00000000d5580000,0x00000000e9c00000,0x00000000e9c00000)
  from space 49152K, 40% used [0x00000000e9c00000,0x00000000eaf3b808,0x00000000ecc00000)
  to   space 46592K, 0% used [0x00000000f0280000,0x00000000f0280000,0x00000000f3000000)
 ParOldGen       total 220672K, used 96598K [0x0000000080000000, 0x000000008d780000, 0x00000000d5580000)
  object space 220672K, 43% used [0x0000000080000000,0x0000000085e55808,0x000000008d780000)
 Metaspace       used 109741K, capacity 114726K, committed 114856K, reserved 1148928K
  class space    used 14025K, capacity 14982K, committed 15024K, reserved 1048576K
Event: 2585.054 GC heap after
Heap after GC invocations=24 (full 4):
 PSYoungGen      total 433664K, used 43172K [0x00000000d5580000, 0x00000000f3600000, 0x0000000100000000)
  eden space 387072K, 0% used [0x00000000d5580000,0x00000000d5580000,0x00000000ecf80000)
  from space 46592K, 92% used [0x00000000f0280000,0x00000000f2ca90f0,0x00000000f3000000)
  to   space 52224K, 0% used [0x00000000ecf80000,0x00000000ecf80000,0x00000000f0280000)
 ParOldGen       total 220672K, used 96614K [0x0000000080000000, 0x000000008d780000, 0x00000000d5580000)
  object space 220672K, 43% used [0x0000000080000000,0x0000000085e59808,0x000000008d780000)
 Metaspace       used 109741K, capacity 114726K, committed 114856K, reserved 1148928K
  class space    used 14025K, capacity 14982K, committed 15024K, reserved 1048576K
}

